<?xml version="1.0" encoding="UTF-8"?>
<!-- Generated by org.testng.reporters.JUnitReportReporter -->
<testsuite hostname="SATYAJIT" failures="0" tests="1" name="POMsample.usercgk" time="30.101" errors="0" timestamp="2022-10-11T01:23:44 IST" skipped="0">
  <testcase classname="POMsample.usercgk" name="checkuserreg" time="30.101"/>
  <system-out/>
</testsuite> <!-- POMsample.usercgk -->
